[2025-06-21 14:05:32] Proses login dimulai
[2025-06-21 14:05:32] Mencari user: admin
[2025-06-21 14:05:32] Jumlah user ditemukan: 1
[2025-06-21 14:05:32] Password salah untuk user: admin
[2025-06-21 14:06:18] Proses login dimulai
[2025-06-21 14:06:18] Mencari user: admin
[2025-06-21 14:06:18] Jumlah user ditemukan: 1
[2025-06-21 14:06:18] Login sukses untuk user: admin
[2025-06-21 14:06:56] Proses login dimulai
[2025-06-21 14:06:56] Mencari user: admin
[2025-06-21 14:06:56] Jumlah user ditemukan: 1
[2025-06-21 14:06:56] Password salah untuk user: admin
[2025-06-21 14:09:15] Proses login dimulai
[2025-06-21 14:09:15] Mencari user: admin
[2025-06-21 14:09:15] Jumlah user ditemukan: 1
[2025-06-21 14:09:16] Password salah untuk user: admin
[2025-06-21 14:09:35] Proses login dimulai
[2025-06-21 14:09:35] Mencari user: admin
[2025-06-21 14:09:35] Jumlah user ditemukan: 1
[2025-06-21 14:09:35] Login sukses untuk user: admin
[2025-06-21 14:12:10] Memulai proses login
[2025-06-21 14:12:11] Redirect ke: ../admin/index.php
[2025-06-21 14:12:14] Memulai proses login
[2025-06-21 14:16:06] Memulai proses login
[2025-06-21 14:16:12] Memulai proses login
